<?xml version="1.0" encoding="UTF-8"?>
<!-- Generated by org.testng.reporters.JUnitXMLReporter -->
<testsuite ignored="0" hostname="LAPTOP-N3ETBC77" failures="0" tests="36" name="Default test" time="1358.819" errors="0" timestamp="2022-04-04T14:51:15 IST">
  <testcase classname="Base.CutomizeTestNGCucmberRunner" name="runScenario" time="9.851"/>
  <testcase classname="Base.CutomizeTestNGCucmberRunner" name="runScenario" time="2.762"/>
  <testcase classname="Base.CutomizeTestNGCucmberRunner" name="runScenario" time="7.989"/>
  <testcase classname="Base.CutomizeTestNGCucmberRunner" name="runScenario" time="11.972"/>
  <testcase classname="Base.CutomizeTestNGCucmberRunner" name="runScenario" time="25.402"/>
  <testcase classname="Base.CutomizeTestNGCucmberRunner" name="runScenario" time="3.267"/>
  <testcase classname="Base.CutomizeTestNGCucmberRunner" name="runScenario" time="49.71"/>
  <testcase classname="Base.CutomizeTestNGCucmberRunner" name="runScenario" time="66.908"/>
  <testcase classname="Base.CutomizeTestNGCucmberRunner" name="runScenario" time="37.47"/>
  <testcase classname="Base.CutomizeTestNGCucmberRunner" name="runScenario" time="17.434"/>
  <testcase classname="Base.CutomizeTestNGCucmberRunner" name="runScenario" time="1.339"/>
  <testcase classname="Base.CutomizeTestNGCucmberRunner" name="runScenario" time="0.042"/>
  <testcase classname="Base.CutomizeTestNGCucmberRunner" name="runScenario" time="5.59"/>
  <testcase classname="Base.CutomizeTestNGCucmberRunner" name="runScenario" time="29.774"/>
  <testcase classname="Base.CutomizeTestNGCucmberRunner" name="runScenario" time="2.782"/>
  <testcase classname="Base.CutomizeTestNGCucmberRunner" name="runScenario" time="7.808"/>
  <testcase classname="Base.CutomizeTestNGCucmberRunner" name="runScenario" time="2.841"/>
  <testcase classname="Base.CutomizeTestNGCucmberRunner" name="runScenario" time="7.776"/>
  <testcase classname="Base.CutomizeTestNGCucmberRunner" name="runScenario" time="10.625"/>
  <testcase classname="Base.CutomizeTestNGCucmberRunner" name="runScenario" time="25.054"/>
  <testcase classname="Base.CutomizeTestNGCucmberRunner" name="runScenario" time="3.536"/>
  <testcase classname="Base.CutomizeTestNGCucmberRunner" name="runScenario" time="64.241"/>
  <testcase classname="Base.CutomizeTestNGCucmberRunner" name="runScenario" time="69.027"/>
  <testcase classname="Base.CutomizeTestNGCucmberRunner" name="runScenario" time="68.531"/>
  <testcase classname="Base.CutomizeTestNGCucmberRunner" name="runScenario" time="6.377"/>
  <testcase classname="Base.CutomizeTestNGCucmberRunner" name="runScenario" time="0.028"/>
  <testcase classname="Base.CutomizeTestNGCucmberRunner" name="runScenario" time="9.05"/>
  <testcase classname="Base.CutomizeTestNGCucmberRunner" name="runScenario" time="15.442"/>
  <testcase classname="Base.CutomizeTestNGCucmberRunner" name="runScenario" time="0.991"/>
  <testcase classname="Base.CutomizeTestNGCucmberRunner" name="runScenario" time="0.056"/>
  <testcase classname="Base.CutomizeTestNGCucmberRunner" name="runScenario" time="5.264"/>
  <testcase classname="Base.CutomizeTestNGCucmberRunner" name="runScenario" time="191.273"/>
  <testcase classname="Base.CutomizeTestNGCucmberRunner" name="runScenario" time="262.066"/>
  <testcase classname="Base.CutomizeTestNGCucmberRunner" name="runScenario" time="295.357"/>
  <testcase classname="Base.CutomizeTestNGCucmberRunner" name="runScenario" time="29.008"/>
  <testcase classname="Base.CutomizeTestNGCucmberRunner" name="runScenario" time="3.885"/>
</testsuite> <!-- Default test -->
