<?xml version="1.0" encoding="UTF-8"?>
<testng-results ignored="0" total="36" passed="36" failed="0" skipped="0">
  <reporter-output>
  </reporter-output>
  <suite started-at="2022-04-04T14:28:36 IST" name="Default suite" finished-at="2022-04-04T14:51:14 IST" duration-ms="1358819">
    <groups>
      <group name="cucumber">
        <method signature="CutomizeTestNGCucmberRunner.runScenario(io.cucumber.testng.PickleWrapper,io.cucumber.testng.FeatureWrapper)[pri:0, instance:Runner.Runner@c05fddc]" name="runScenario" class="Base.CutomizeTestNGCucmberRunner"/>
      </group> <!-- cucumber -->
    </groups>
    <test started-at="2022-04-04T14:28:36 IST" name="Default test" finished-at="2022-04-04T14:51:14 IST" duration-ms="1358819">
      <class name="Runner.Runner">
        <test-method is-config="true" signature="CreateDriver()[pri:0, instance:Runner.Runner@c05fddc]" started-at="2022-04-04T14:28:30 IST" name="CreateDriver" finished-at="2022-04-04T14:28:36 IST" duration-ms="5247" status="PASS">
          <reporter-output>
          </reporter-output>
        </test-method> <!-- CreateDriver -->
        <test-method is-config="true" signature="setUpClass()[pri:0, instance:Runner.Runner@c05fddc]" started-at="2022-04-04T14:28:36 IST" name="setUpClass" finished-at="2022-04-04T14:28:37 IST" duration-ms="1362" status="PASS">
          <reporter-output>
          </reporter-output>
        </test-method> <!-- setUpClass -->
        <test-method signature="runScenario(io.cucumber.testng.PickleWrapper,io.cucumber.testng.FeatureWrapper)[pri:0, instance:Runner.Runner@c05fddc]" started-at="2022-04-04T14:28:37 IST" name="runScenario" description="Runs Cucumber Scenarios" data-provider="scenarios" finished-at="2022-04-04T14:28:47 IST" duration-ms="9851" status="PASS">
          <params>
            <param index="0">
              <value>
                <![CDATA["Verify the supplier can able to edit Company Contact details"]]>
              </value>
            </param>
            <param index="1">
              <value>
                <![CDATA["Optional[DOS6 - ILM UI Stories]"]]>
              </value>
            </param>
          </params>
          <reporter-output>
          </reporter-output>
        </test-method> <!-- runScenario -->
        <test-method signature="runScenario(io.cucumber.testng.PickleWrapper,io.cucumber.testng.FeatureWrapper)[pri:0, instance:Runner.Runner@c05fddc]" started-at="2022-04-04T14:28:47 IST" name="runScenario" description="Runs Cucumber Scenarios" data-provider="scenarios" finished-at="2022-04-04T14:28:50 IST" duration-ms="2762" status="PASS">
          <params>
            <param index="0">
              <value>
                <![CDATA["Supplier cannot able to make changes to the registered Company details of Registered Company Name"]]>
              </value>
            </param>
            <param index="1">
              <value>
                <![CDATA["Optional[DOS6 - ILM UI Stories]"]]>
              </value>
            </param>
          </params>
          <reporter-output>
          </reporter-output>
        </test-method> <!-- runScenario -->
        <test-method signature="runScenario(io.cucumber.testng.PickleWrapper,io.cucumber.testng.FeatureWrapper)[pri:0, instance:Runner.Runner@c05fddc]" started-at="2022-04-04T14:28:50 IST" name="runScenario" description="Runs Cucumber Scenarios" data-provider="scenarios" finished-at="2022-04-04T14:28:58 IST" duration-ms="7989" status="PASS">
          <params>
            <param index="0">
              <value>
                <![CDATA["Verify the supplier needs to contact the support team to make the changes in the registered Company details"]]>
              </value>
            </param>
            <param index="1">
              <value>
                <![CDATA["Optional[DOS6 - ILM UI Stories]"]]>
              </value>
            </param>
          </params>
          <reporter-output>
          </reporter-output>
        </test-method> <!-- runScenario -->
        <test-method signature="runScenario(io.cucumber.testng.PickleWrapper,io.cucumber.testng.FeatureWrapper)[pri:0, instance:Runner.Runner@c05fddc]" started-at="2022-04-04T14:28:58 IST" name="runScenario" description="Runs Cucumber Scenarios" data-provider="scenarios" finished-at="2022-04-04T14:29:10 IST" duration-ms="11972" status="PASS">
          <params>
            <param index="0">
              <value>
                <![CDATA["Verify the Category admin cannot able to make changes to the registered Company details DUNS Number"]]>
              </value>
            </param>
            <param index="1">
              <value>
                <![CDATA["Optional[DOS6 - ILM UI Stories]"]]>
              </value>
            </param>
          </params>
          <reporter-output>
          </reporter-output>
        </test-method> <!-- runScenario -->
        <test-method signature="runScenario(io.cucumber.testng.PickleWrapper,io.cucumber.testng.FeatureWrapper)[pri:0, instance:Runner.Runner@c05fddc]" started-at="2022-04-04T14:29:10 IST" name="runScenario" description="Runs Cucumber Scenarios" data-provider="scenarios" finished-at="2022-04-04T14:29:35 IST" duration-ms="25402" status="PASS">
          <params>
            <param index="0">
              <value>
                <![CDATA["Verify the supplier can able to make changes to the registered Company details like company address trading status company size"]]>
              </value>
            </param>
            <param index="1">
              <value>
                <![CDATA["Optional[DOS6 - ILM UI Stories]"]]>
              </value>
            </param>
          </params>
          <reporter-output>
          </reporter-output>
        </test-method> <!-- runScenario -->
        <test-method signature="runScenario(io.cucumber.testng.PickleWrapper,io.cucumber.testng.FeatureWrapper)[pri:0, instance:Runner.Runner@c05fddc]" started-at="2022-04-04T14:29:35 IST" name="runScenario" description="Runs Cucumber Scenarios" data-provider="scenarios" finished-at="2022-04-04T14:29:38 IST" duration-ms="3267" status="PASS">
          <params>
            <param index="0">
              <value>
                <![CDATA["Verify the supplier should not be able to see the opportunities link on the admin page"]]>
              </value>
            </param>
            <param index="1">
              <value>
                <![CDATA["Optional[DOS6 - ILM UI Stories]"]]>
              </value>
            </param>
          </params>
          <reporter-output>
          </reporter-output>
        </test-method> <!-- runScenario -->
        <test-method signature="runScenario(io.cucumber.testng.PickleWrapper,io.cucumber.testng.FeatureWrapper)[pri:0, instance:Runner.Runner@c05fddc]" started-at="2022-04-04T14:29:38 IST" name="runScenario" description="Runs Cucumber Scenarios" data-provider="scenarios" finished-at="2022-04-04T14:30:28 IST" duration-ms="49710" status="PASS">
          <params>
            <param index="0">
              <value>
                <![CDATA["Verify the Category admin can able to edit a suppliers service lines on Digital Outcomes"]]>
              </value>
            </param>
            <param index="1">
              <value>
                <![CDATA["Optional[DOS6 - ILM UI Stories]"]]>
              </value>
            </param>
          </params>
          <reporter-output>
          </reporter-output>
        </test-method> <!-- runScenario -->
        <test-method signature="runScenario(io.cucumber.testng.PickleWrapper,io.cucumber.testng.FeatureWrapper)[pri:0, instance:Runner.Runner@c05fddc]" started-at="2022-04-04T14:30:28 IST" name="runScenario" description="Runs Cucumber Scenarios" data-provider="scenarios" finished-at="2022-04-04T14:31:35 IST" duration-ms="66908" status="PASS">
          <params>
            <param index="0">
              <value>
                <![CDATA["Verify the Category admin can able to edit a suppliers service lines on Research studio"]]>
              </value>
            </param>
            <param index="1">
              <value>
                <![CDATA["Optional[DOS6 - ILM UI Stories]"]]>
              </value>
            </param>
          </params>
          <reporter-output>
          </reporter-output>
        </test-method> <!-- runScenario -->
        <test-method signature="runScenario(io.cucumber.testng.PickleWrapper,io.cucumber.testng.FeatureWrapper)[pri:0, instance:Runner.Runner@c05fddc]" started-at="2022-04-04T14:31:35 IST" name="runScenario" description="Runs Cucumber Scenarios" data-provider="scenarios" finished-at="2022-04-04T14:32:12 IST" duration-ms="37470" status="PASS">
          <params>
            <param index="0">
              <value>
                <![CDATA["Verify the Category admin can able to edit a suppliers service lines on User research participants"]]>
              </value>
            </param>
            <param index="1">
              <value>
                <![CDATA["Optional[DOS6 - ILM UI Stories]"]]>
              </value>
            </param>
          </params>
          <reporter-output>
          </reporter-output>
        </test-method> <!-- runScenario -->
        <test-method signature="runScenario(io.cucumber.testng.PickleWrapper,io.cucumber.testng.FeatureWrapper)[pri:0, instance:Runner.Runner@c05fddc]" started-at="2022-04-04T14:32:12 IST" name="runScenario" description="Runs Cucumber Scenarios" data-provider="scenarios" finished-at="2022-04-04T14:32:30 IST" duration-ms="17434" status="PASS">
          <params>
            <param index="0">
              <value>
                <![CDATA["Verify the Category admin can able to edit a Supplier name in the Supplier account page"]]>
              </value>
            </param>
            <param index="1">
              <value>
                <![CDATA["Optional[DOS6 - ILM UI Stories]"]]>
              </value>
            </param>
          </params>
          <reporter-output>
          </reporter-output>
        </test-method> <!-- runScenario -->
        <test-method signature="runScenario(io.cucumber.testng.PickleWrapper,io.cucumber.testng.FeatureWrapper)[pri:0, instance:Runner.Runner@c05fddc]" started-at="2022-04-04T14:32:30 IST" name="runScenario" description="Runs Cucumber Scenarios" data-provider="scenarios" finished-at="2022-04-04T14:32:31 IST" duration-ms="1339" status="PASS">
          <params>
            <param index="0">
              <value>
                <![CDATA["Verify the Cateogry admin can able to View agreements in the Supplier account page"]]>
              </value>
            </param>
            <param index="1">
              <value>
                <![CDATA["Optional[DOS6 - ILM UI Stories]"]]>
              </value>
            </param>
          </params>
          <reporter-output>
          </reporter-output>
        </test-method> <!-- runScenario -->
        <test-method signature="runScenario(io.cucumber.testng.PickleWrapper,io.cucumber.testng.FeatureWrapper)[pri:0, instance:Runner.Runner@c05fddc]" started-at="2022-04-04T14:32:31 IST" name="runScenario" description="Runs Cucumber Scenarios" data-provider="scenarios" finished-at="2022-04-04T14:32:31 IST" duration-ms="42" status="PASS">
          <params>
            <param index="0">
              <value>
                <![CDATA["Verify the Cateogry admin can able to View countersigned framework agreement in the Supplier account page"]]>
              </value>
            </param>
            <param index="1">
              <value>
                <![CDATA["Optional[DOS6 - ILM UI Stories]"]]>
              </value>
            </param>
          </params>
          <reporter-output>
          </reporter-output>
        </test-method> <!-- runScenario -->
        <test-method signature="runScenario(io.cucumber.testng.PickleWrapper,io.cucumber.testng.FeatureWrapper)[pri:0, instance:Runner.Runner@c05fddc]" started-at="2022-04-04T14:32:31 IST" name="runScenario" description="Runs Cucumber Scenarios" data-provider="scenarios" finished-at="2022-04-04T14:32:37 IST" duration-ms="5590" status="PASS">
          <params>
            <param index="0">
              <value>
                <![CDATA["Verify the Cateogry admin can able to download the countersigned framework agreement in the Supplier account page"]]>
              </value>
            </param>
            <param index="1">
              <value>
                <![CDATA["Optional[DOS6 - ILM UI Stories]"]]>
              </value>
            </param>
          </params>
          <reporter-output>
          </reporter-output>
        </test-method> <!-- runScenario -->
        <test-method signature="runScenario(io.cucumber.testng.PickleWrapper,io.cucumber.testng.FeatureWrapper)[pri:0, instance:Runner.Runner@c05fddc]" started-at="2022-04-04T14:32:37 IST" name="runScenario" description="Runs Cucumber Scenarios" data-provider="scenarios" finished-at="2022-04-04T14:33:07 IST" duration-ms="29774" status="PASS">
          <params>
            <param index="0">
              <value>
                <![CDATA["Verify the Admin Data Controller can able to edit a suppliers registered company"]]>
              </value>
            </param>
            <param index="1">
              <value>
                <![CDATA["Optional[DOS6 - ILM UI Stories]"]]>
              </value>
            </param>
          </params>
          <reporter-output>
          </reporter-output>
        </test-method> <!-- runScenario -->
        <test-method signature="runScenario(io.cucumber.testng.PickleWrapper,io.cucumber.testng.FeatureWrapper)[pri:0, instance:Runner.Runner@c05fddc]" started-at="2022-04-04T14:33:07 IST" name="runScenario" description="Runs Cucumber Scenarios" data-provider="scenarios" finished-at="2022-04-04T14:33:09 IST" duration-ms="2782" status="PASS">
          <params>
            <param index="0">
              <value>
                <![CDATA["Verify the Admin Data Controller cannot able to edit a suppliers registered company details"]]>
              </value>
            </param>
            <param index="1">
              <value>
                <![CDATA["Optional[DOS6 - ILM UI Stories]"]]>
              </value>
            </param>
          </params>
          <reporter-output>
          </reporter-output>
        </test-method> <!-- runScenario -->
        <test-method signature="runScenario(io.cucumber.testng.PickleWrapper,io.cucumber.testng.FeatureWrapper)[pri:0, instance:Runner.Runner@c05fddc]" started-at="2022-04-04T14:33:09 IST" name="runScenario" description="Runs Cucumber Scenarios" data-provider="scenarios" finished-at="2022-04-04T14:33:17 IST" duration-ms="7808" status="PASS">
          <params>
            <param index="0">
              <value>
                <![CDATA["Verify the supplier can able to edit Company Contact details"]]>
              </value>
            </param>
            <param index="1">
              <value>
                <![CDATA["Optional[G-Cloud13 - ILM UI Stories]"]]>
              </value>
            </param>
          </params>
          <reporter-output>
          </reporter-output>
        </test-method> <!-- runScenario -->
        <test-method signature="runScenario(io.cucumber.testng.PickleWrapper,io.cucumber.testng.FeatureWrapper)[pri:0, instance:Runner.Runner@c05fddc]" started-at="2022-04-04T14:33:17 IST" name="runScenario" description="Runs Cucumber Scenarios" data-provider="scenarios" finished-at="2022-04-04T14:33:20 IST" duration-ms="2841" status="PASS">
          <params>
            <param index="0">
              <value>
                <![CDATA["Supplier cannot able to make changes to the registered Company details of Registered Company Name"]]>
              </value>
            </param>
            <param index="1">
              <value>
                <![CDATA["Optional[G-Cloud13 - ILM UI Stories]"]]>
              </value>
            </param>
          </params>
          <reporter-output>
          </reporter-output>
        </test-method> <!-- runScenario -->
        <test-method signature="runScenario(io.cucumber.testng.PickleWrapper,io.cucumber.testng.FeatureWrapper)[pri:0, instance:Runner.Runner@c05fddc]" started-at="2022-04-04T14:33:20 IST" name="runScenario" description="Runs Cucumber Scenarios" data-provider="scenarios" finished-at="2022-04-04T14:33:28 IST" duration-ms="7776" status="PASS">
          <params>
            <param index="0">
              <value>
                <![CDATA["Verify the supplier needs to contact the support team to make the changes in the registered Company details"]]>
              </value>
            </param>
            <param index="1">
              <value>
                <![CDATA["Optional[G-Cloud13 - ILM UI Stories]"]]>
              </value>
            </param>
          </params>
          <reporter-output>
          </reporter-output>
        </test-method> <!-- runScenario -->
        <test-method signature="runScenario(io.cucumber.testng.PickleWrapper,io.cucumber.testng.FeatureWrapper)[pri:0, instance:Runner.Runner@c05fddc]" started-at="2022-04-04T14:33:28 IST" name="runScenario" description="Runs Cucumber Scenarios" data-provider="scenarios" finished-at="2022-04-04T14:33:38 IST" duration-ms="10625" status="PASS">
          <params>
            <param index="0">
              <value>
                <![CDATA["Verify the Category admin cannot able to make changes to the registered Company details"]]>
              </value>
            </param>
            <param index="1">
              <value>
                <![CDATA["Optional[G-Cloud13 - ILM UI Stories]"]]>
              </value>
            </param>
          </params>
          <reporter-output>
          </reporter-output>
        </test-method> <!-- runScenario -->
        <test-method signature="runScenario(io.cucumber.testng.PickleWrapper,io.cucumber.testng.FeatureWrapper)[pri:0, instance:Runner.Runner@c05fddc]" started-at="2022-04-04T14:33:38 IST" name="runScenario" description="Runs Cucumber Scenarios" data-provider="scenarios" finished-at="2022-04-04T14:34:03 IST" duration-ms="25054" status="PASS">
          <params>
            <param index="0">
              <value>
                <![CDATA["Verify the supplier can able to make changes to the registered Company details like company address trading status company size"]]>
              </value>
            </param>
            <param index="1">
              <value>
                <![CDATA["Optional[G-Cloud13 - ILM UI Stories]"]]>
              </value>
            </param>
          </params>
          <reporter-output>
          </reporter-output>
        </test-method> <!-- runScenario -->
        <test-method signature="runScenario(io.cucumber.testng.PickleWrapper,io.cucumber.testng.FeatureWrapper)[pri:0, instance:Runner.Runner@c05fddc]" started-at="2022-04-04T14:34:03 IST" name="runScenario" description="Runs Cucumber Scenarios" data-provider="scenarios" finished-at="2022-04-04T14:34:07 IST" duration-ms="3536" status="PASS">
          <params>
            <param index="0">
              <value>
                <![CDATA["Verify the supplier should not be able to see the opportunities link on the admin page"]]>
              </value>
            </param>
            <param index="1">
              <value>
                <![CDATA["Optional[G-Cloud13 - ILM UI Stories]"]]>
              </value>
            </param>
          </params>
          <reporter-output>
          </reporter-output>
        </test-method> <!-- runScenario -->
        <test-method signature="runScenario(io.cucumber.testng.PickleWrapper,io.cucumber.testng.FeatureWrapper)[pri:0, instance:Runner.Runner@c05fddc]" started-at="2022-04-04T14:34:07 IST" name="runScenario" description="Runs Cucumber Scenarios" data-provider="scenarios" finished-at="2022-04-04T14:35:11 IST" duration-ms="64241" status="PASS">
          <params>
            <param index="0">
              <value>
                <![CDATA["Verify the supplier can able to edit the Service line details for Cloud Support"]]>
              </value>
            </param>
            <param index="1">
              <value>
                <![CDATA["Optional[G-Cloud13 - ILM UI Stories]"]]>
              </value>
            </param>
          </params>
          <reporter-output>
          </reporter-output>
        </test-method> <!-- runScenario -->
        <test-method signature="runScenario(io.cucumber.testng.PickleWrapper,io.cucumber.testng.FeatureWrapper)[pri:0, instance:Runner.Runner@c05fddc]" started-at="2022-04-04T14:35:11 IST" name="runScenario" description="Runs Cucumber Scenarios" data-provider="scenarios" finished-at="2022-04-04T14:36:20 IST" duration-ms="69027" status="PASS">
          <params>
            <param index="0">
              <value>
                <![CDATA["Verify the supplier can able to edit the Service line details for Cloud Software"]]>
              </value>
            </param>
            <param index="1">
              <value>
                <![CDATA["Optional[G-Cloud13 - ILM UI Stories]"]]>
              </value>
            </param>
          </params>
          <reporter-output>
          </reporter-output>
        </test-method> <!-- runScenario -->
        <test-method signature="runScenario(io.cucumber.testng.PickleWrapper,io.cucumber.testng.FeatureWrapper)[pri:0, instance:Runner.Runner@c05fddc]" started-at="2022-04-04T14:36:20 IST" name="runScenario" description="Runs Cucumber Scenarios" data-provider="scenarios" finished-at="2022-04-04T14:37:29 IST" duration-ms="68531" status="PASS">
          <params>
            <param index="0">
              <value>
                <![CDATA["Verify the supplier can able to edit the Service line details for Cloud Hosting"]]>
              </value>
            </param>
            <param index="1">
              <value>
                <![CDATA["Optional[G-Cloud13 - ILM UI Stories]"]]>
              </value>
            </param>
          </params>
          <reporter-output>
          </reporter-output>
        </test-method> <!-- runScenario -->
        <test-method signature="runScenario(io.cucumber.testng.PickleWrapper,io.cucumber.testng.FeatureWrapper)[pri:0, instance:Runner.Runner@c05fddc]" started-at="2022-04-04T14:37:29 IST" name="runScenario" description="Runs Cucumber Scenarios" data-provider="scenarios" finished-at="2022-04-04T14:37:35 IST" duration-ms="6377" status="PASS">
          <params>
            <param index="0">
              <value>
                <![CDATA["Verify the supplier edited changes are displays in CCS Category Admin dashboard"]]>
              </value>
            </param>
            <param index="1">
              <value>
                <![CDATA["Optional[G-Cloud13 - ILM UI Stories]"]]>
              </value>
            </param>
          </params>
          <reporter-output>
          </reporter-output>
        </test-method> <!-- runScenario -->
        <test-method signature="runScenario(io.cucumber.testng.PickleWrapper,io.cucumber.testng.FeatureWrapper)[pri:0, instance:Runner.Runner@c05fddc]" started-at="2022-04-04T14:37:35 IST" name="runScenario" description="Runs Cucumber Scenarios" data-provider="scenarios" finished-at="2022-04-04T14:37:35 IST" duration-ms="28" status="PASS">
          <params>
            <param index="0">
              <value>
                <![CDATA["Verify the supplier can able to add new document in service"]]>
              </value>
            </param>
            <param index="1">
              <value>
                <![CDATA["Optional[G-Cloud13 - ILM UI Stories]"]]>
              </value>
            </param>
          </params>
          <reporter-output>
          </reporter-output>
        </test-method> <!-- runScenario -->
        <test-method signature="runScenario(io.cucumber.testng.PickleWrapper,io.cucumber.testng.FeatureWrapper)[pri:0, instance:Runner.Runner@c05fddc]" started-at="2022-04-04T14:37:35 IST" name="runScenario" description="Runs Cucumber Scenarios" data-provider="scenarios" finished-at="2022-04-04T14:37:44 IST" duration-ms="9050" status="PASS">
          <params>
            <param index="0">
              <value>
                <![CDATA["Verify the supplier needs to make a request via the cloud digital email address"]]>
              </value>
            </param>
            <param index="1">
              <value>
                <![CDATA["Optional[G-Cloud13 - ILM UI Stories]"]]>
              </value>
            </param>
          </params>
          <reporter-output>
          </reporter-output>
        </test-method> <!-- runScenario -->
        <test-method signature="runScenario(io.cucumber.testng.PickleWrapper,io.cucumber.testng.FeatureWrapper)[pri:0, instance:Runner.Runner@c05fddc]" started-at="2022-04-04T14:37:44 IST" name="runScenario" description="Runs Cucumber Scenarios" data-provider="scenarios" finished-at="2022-04-04T14:38:00 IST" duration-ms="15442" status="PASS">
          <params>
            <param index="0">
              <value>
                <![CDATA["Verify the Category admin can able to edit a Supplier name in the Supplier account page"]]>
              </value>
            </param>
            <param index="1">
              <value>
                <![CDATA["Optional[G-Cloud13 - ILM UI Stories]"]]>
              </value>
            </param>
          </params>
          <reporter-output>
          </reporter-output>
        </test-method> <!-- runScenario -->
        <test-method signature="runScenario(io.cucumber.testng.PickleWrapper,io.cucumber.testng.FeatureWrapper)[pri:0, instance:Runner.Runner@c05fddc]" started-at="2022-04-04T14:38:00 IST" name="runScenario" description="Runs Cucumber Scenarios" data-provider="scenarios" finished-at="2022-04-04T14:38:01 IST" duration-ms="991" status="PASS">
          <params>
            <param index="0">
              <value>
                <![CDATA["Verify the Cateogry admin can able to View agreements in the Supplier account page"]]>
              </value>
            </param>
            <param index="1">
              <value>
                <![CDATA["Optional[G-Cloud13 - ILM UI Stories]"]]>
              </value>
            </param>
          </params>
          <reporter-output>
          </reporter-output>
        </test-method> <!-- runScenario -->
        <test-method signature="runScenario(io.cucumber.testng.PickleWrapper,io.cucumber.testng.FeatureWrapper)[pri:0, instance:Runner.Runner@c05fddc]" started-at="2022-04-04T14:38:01 IST" name="runScenario" description="Runs Cucumber Scenarios" data-provider="scenarios" finished-at="2022-04-04T14:38:01 IST" duration-ms="56" status="PASS">
          <params>
            <param index="0">
              <value>
                <![CDATA["Verify the Cateogry admin can able to View countersigned framework agreement in the Supplier account page"]]>
              </value>
            </param>
            <param index="1">
              <value>
                <![CDATA["Optional[G-Cloud13 - ILM UI Stories]"]]>
              </value>
            </param>
          </params>
          <reporter-output>
          </reporter-output>
        </test-method> <!-- runScenario -->
        <test-method signature="runScenario(io.cucumber.testng.PickleWrapper,io.cucumber.testng.FeatureWrapper)[pri:0, instance:Runner.Runner@c05fddc]" started-at="2022-04-04T14:38:01 IST" name="runScenario" description="Runs Cucumber Scenarios" data-provider="scenarios" finished-at="2022-04-04T14:38:06 IST" duration-ms="5264" status="PASS">
          <params>
            <param index="0">
              <value>
                <![CDATA["Verify the Cateogry admin can able to download the countersigned framework agreement in the Supplier account page"]]>
              </value>
            </param>
            <param index="1">
              <value>
                <![CDATA["Optional[G-Cloud13 - ILM UI Stories]"]]>
              </value>
            </param>
          </params>
          <reporter-output>
          </reporter-output>
        </test-method> <!-- runScenario -->
        <test-method signature="runScenario(io.cucumber.testng.PickleWrapper,io.cucumber.testng.FeatureWrapper)[pri:0, instance:Runner.Runner@c05fddc]" started-at="2022-04-04T14:38:06 IST" name="runScenario" description="Runs Cucumber Scenarios" data-provider="scenarios" finished-at="2022-04-04T14:41:17 IST" duration-ms="191273" status="PASS">
          <params>
            <param index="0">
              <value>
                <![CDATA["Verify the Category admin can able to edit the Service line details for Cloud Support"]]>
              </value>
            </param>
            <param index="1">
              <value>
                <![CDATA["Optional[G-Cloud13 - ILM UI Stories]"]]>
              </value>
            </param>
          </params>
          <reporter-output>
          </reporter-output>
        </test-method> <!-- runScenario -->
        <test-method signature="runScenario(io.cucumber.testng.PickleWrapper,io.cucumber.testng.FeatureWrapper)[pri:0, instance:Runner.Runner@c05fddc]" started-at="2022-04-04T14:41:17 IST" name="runScenario" description="Runs Cucumber Scenarios" data-provider="scenarios" finished-at="2022-04-04T14:45:39 IST" duration-ms="262066" status="PASS">
          <params>
            <param index="0">
              <value>
                <![CDATA["Verify the Category admin can able to edit the Service line details for Cloud Software"]]>
              </value>
            </param>
            <param index="1">
              <value>
                <![CDATA["Optional[G-Cloud13 - ILM UI Stories]"]]>
              </value>
            </param>
          </params>
          <reporter-output>
          </reporter-output>
        </test-method> <!-- runScenario -->
        <test-method signature="runScenario(io.cucumber.testng.PickleWrapper,io.cucumber.testng.FeatureWrapper)[pri:0, instance:Runner.Runner@c05fddc]" started-at="2022-04-04T14:45:39 IST" name="runScenario" description="Runs Cucumber Scenarios" data-provider="scenarios" finished-at="2022-04-04T14:50:35 IST" duration-ms="295357" status="PASS">
          <params>
            <param index="0">
              <value>
                <![CDATA["Verify the Category admin can able to edit the Service line details for Cloud Hosting"]]>
              </value>
            </param>
            <param index="1">
              <value>
                <![CDATA["Optional[G-Cloud13 - ILM UI Stories]"]]>
              </value>
            </param>
          </params>
          <reporter-output>
          </reporter-output>
        </test-method> <!-- runScenario -->
        <test-method signature="runScenario(io.cucumber.testng.PickleWrapper,io.cucumber.testng.FeatureWrapper)[pri:0, instance:Runner.Runner@c05fddc]" started-at="2022-04-04T14:50:35 IST" name="runScenario" description="Runs Cucumber Scenarios" data-provider="scenarios" finished-at="2022-04-04T14:51:04 IST" duration-ms="29008" status="PASS">
          <params>
            <param index="0">
              <value>
                <![CDATA["Verify the Admin Data Controller can able to edit a suppliers registered company details"]]>
              </value>
            </param>
            <param index="1">
              <value>
                <![CDATA["Optional[G-Cloud13 - ILM UI Stories]"]]>
              </value>
            </param>
          </params>
          <reporter-output>
          </reporter-output>
        </test-method> <!-- runScenario -->
        <test-method signature="runScenario(io.cucumber.testng.PickleWrapper,io.cucumber.testng.FeatureWrapper)[pri:0, instance:Runner.Runner@c05fddc]" started-at="2022-04-04T14:51:04 IST" name="runScenario" description="Runs Cucumber Scenarios" data-provider="scenarios" finished-at="2022-04-04T14:51:08 IST" duration-ms="3885" status="PASS">
          <params>
            <param index="0">
              <value>
                <![CDATA["Verify the Admin Data Controller cannot able to edit a suppliers registered company details of DUNS Number"]]>
              </value>
            </param>
            <param index="1">
              <value>
                <![CDATA["Optional[G-Cloud13 - ILM UI Stories]"]]>
              </value>
            </param>
          </params>
          <reporter-output>
          </reporter-output>
        </test-method> <!-- runScenario -->
        <test-method is-config="true" signature="tearDownClass()[pri:0, instance:Runner.Runner@c05fddc]" started-at="2022-04-04T14:51:08 IST" name="tearDownClass" finished-at="2022-04-04T14:51:14 IST" duration-ms="6817" status="PASS">
          <reporter-output>
          </reporter-output>
        </test-method> <!-- tearDownClass -->
        <test-method is-config="true" signature="afterSuite()[pri:0, instance:Runner.Runner@c05fddc]" started-at="2022-04-04T14:51:15 IST" name="afterSuite" finished-at="2022-04-04T14:51:15 IST" duration-ms="1" status="PASS">
          <reporter-output>
          </reporter-output>
        </test-method> <!-- afterSuite -->
      </class> <!-- Runner.Runner -->
    </test> <!-- Default test -->
  </suite> <!-- Default suite -->
</testng-results>
